#
# A fatal error has been detected by the Java Runtime Environment:
#
#  EXCEPTION_ACCESS_VIOLATION (0xc0000005) at pc=0x0000000180005b00, pid=8068, tid=12512
#
# JRE version: Java(TM) SE Runtime Environment (16.0.2+7) (build 16.0.2+7-67)
# Java VM: Java HotSpot(TM) 64-Bit Server VM (16.0.2+7-67, mixed mode, sharing, tiered, compressed oops, compressed class ptrs, g1 gc, windows-amd64)
# Problematic frame:
# C  [rxtxSerial.dll+0x5b00]
#
# No core dump will be written. Minidumps are not enabled by default on client versions of Windows
#
# If you would like to submit a bug report, please visit:
#   https://bugreport.java.com/bugreport/crash.jsp
# The crash happened outside the Java Virtual Machine in native code.
# See problematic frame for where to report the bug.
#

---------------  S U M M A R Y ------------

Command Line: -Dfile.encoding=UTF-8 --module-path=C:\Users\shukn\Documents\NetBeansProjects\RFID Card RW\build\classes ReadArduino

Host: Intel(R) Core(TM) i5-4200H CPU @ 2.80GHz, 4 cores, 15G,  Windows 10 , 64 bit Build 19041 (10.0.19041.1023)
Time: Wed Sep  8 04:41:18 2021 Bangladesh Standard Time elapsed time: 0.276655 seconds (0d 0h 0m 0s)

---------------  T H R E A D  ---------------

Current thread (0x00000285eb700ab0):  JavaThread "Thread-0" [_thread_in_native, id=12512, stack(0x0000008ceda00000,0x0000008cedb00000)]

Stack: [0x0000008ceda00000,0x0000008cedb00000],  sp=0x0000008cedafdb60,  free space=1014k
Native frames: (J=compiled Java code, j=interpreted, Vv=VM code, C=native code)
C  [rxtxSerial.dll+0x5b00]

Java frames: (J=compiled Java code, j=interpreted, Vv=VM code)
j  gnu.io.RXTXPort.readArray([BII)I+0
j  gnu.io.RXTXPort$SerialInputStream.read([BII)I+212
j  sun.nio.cs.StreamDecoder.readBytes()I+135 java.base@16.0.2
j  sun.nio.cs.StreamDecoder.implRead([CII)I+112 java.base@16.0.2
j  sun.nio.cs.StreamDecoder.read([CII)I+180 java.base@16.0.2
j  java.io.InputStreamReader.read([CII)I+7 java.base@16.0.2
j  java.io.BufferedReader.fill()V+145 java.base@16.0.2
j  java.io.BufferedReader.readLine(Z[Z)Ljava/lang/String;+52 java.base@16.0.2
j  java.io.BufferedReader.readLine()Ljava/lang/String;+3 java.base@16.0.2
j  ReadArduino.serialEvent(Lgnu/io/SerialPortEvent;)V+12
j  gnu.io.RXTXPort.sendEvent(IZ)Z+382
v  ~StubRoutines::call_stub
j  gnu.io.RXTXPort.eventLoop()V+0
j  gnu.io.RXTXPort$MonitorThread.run()V+12
v  ~StubRoutines::call_stub

siginfo: EXCEPTION_ACCESS_VIOLATION (0xc0000005), reading address 0xffffffffedafe958


Register to memory mapping:

RIP=0x0000000180005b00 rxtxSerial.dll
RAX=0x0000000000000001 is an unknown value
RBX=0x0 is NULL
RCX=0x000000018001d4d5 rxtxSerial.dll
RDX=0xfffffffffffff665 is an unknown value
RSP=0x0000008cedafdb60 is pointing into the stack for thread: 0x00000285eb700ab0
RBP=0x00000000ffffffff is an unknown value
RSI=0x0 is NULL
RDI=0x00000285eb700dc0 points into unknown readable memory: 0x00007ffe4ab433d0 | d0 33 b4 4a fe 7f 00 00
R8 =0x0000000000000002 is an unknown value
R9 =0xfffffffffffff63c is an unknown value
R10=0x00007ffe4abc1160 jvm.dll
R11=0x8101010101010100 is an unknown value
R12=0xffffffffedafe950 is an unknown value
R13=0x0000000000000045 is an unknown value
R14=0x0000008cedafdd48 is pointing into the stack for thread: 0x00000285eb700ab0
R15=0x0 is NULL


Registers:
RAX=0x0000000000000001, RBX=0x0000000000000000, RCX=0x000000018001d4d5, RDX=0xfffffffffffff665
RSP=0x0000008cedafdb60, RBP=0x00000000ffffffff, RSI=0x0000000000000000, RDI=0x00000285eb700dc0
R8 =0x0000000000000002, R9 =0xfffffffffffff63c, R10=0x00007ffe4abc1160, R11=0x8101010101010100
R12=0xffffffffedafe950, R13=0x0000000000000045, R14=0x0000008cedafdd48, R15=0x0000000000000000
RIP=0x0000000180005b00, EFLAGS=0x0000000000010202

Top of Stack: (sp=0x0000008cedafdb60)
0x0000008cedafdb60:   0000000000000000 0000000000000000
0x0000008cedafdb70:   0000000000000000 00007ffe4a4adc96
0x0000008cedafdb80:   0000000000000000 0000008cedafdd48
0x0000008cedafdb90:   00000285eb00c5f8 0000000000000001
0x0000008cedafdba0:   00000285eb700dc0 0000000000000045
0x0000008cedafdbb0:   ffffffffffffffff 0000000180006211
0x0000008cedafdbc0:   00000285eb6fca90 00000285eb700dc0
0x0000008cedafdbd0:   0000000000000001 00000285eb6fca90
0x0000008cedafdbe0:   0000028500000045 00007ffeffffffff
0x0000008cedafdbf0:   0000008cedafdd50 00000000000004cc
0x0000008cedafdc00:   00000285eb00c5f8 00000285eb00c5f8
0x0000008cedafdc10:   0000008cedafdd18 00007ffe4a448ab7
0x0000008cedafdc20:   00000000000155b4 00000285eb700ab0
0x0000008cedafdc30:   00000285eb700ab0 0000a44d62c94e22
0x0000008cedafdc40:   00000285eb00c600 00000285eb00c5f8
0x0000008cedafdc50:   00000285eb700ab0 0000008cedafdd50 

Instructions: (pc=0x0000000180005b00)
0x0000000180005a00:   5d c3 cc cc cc cc cc cc cc cc cc cc cc cc cc cc
0x0000000180005a10:   48 89 5c 24 08 4c 89 4c 24 20 44 89 44 24 18 55
0x0000000180005a20:   56 57 41 54 41 55 41 56 41 57 48 83 ec 20 48 8b
0x0000000180005a30:   2a 48 8b 01 33 db 48 8b d5 48 8b f9 44 8b fb 8b
0x0000000180005a40:   f3 ff 90 f8 00 00 00 4c 8d 0d 9e 70 01 00 4c 8b
0x0000000180005a50:   e0 48 8b 07 4c 8d 05 b5 70 01 00 49 8b d4 48 8b
0x0000000180005a60:   cf ff 90 f0 02 00 00 48 8b cf 4c 8b c0 48 85 c0
0x0000000180005a70:   48 8b 07 75 28 ff 90 80 00 00 00 4c 8b 1f 48 8b
0x0000000180005a80:   cf 41 ff 93 88 00 00 00 4c 8b 1f 49 8b d4 48 8b
0x0000000180005a90:   cf 41 ff 93 b8 00 00 00 4c 8b e3 eb 54 48 8b d5
0x0000000180005aa0:   ff 90 20 03 00 00 49 8b d4 48 8b cf 48 63 e8 48
0x0000000180005ab0:   8b 07 ff 90 b8 00 00 00 48 8d 15 51 70 01 00 48
0x0000000180005ac0:   8d 0d 0e 7a 01 00 41 b8 02 00 00 00 e8 6f 62 00
0x0000000180005ad0:   00 85 c0 75 19 85 ed 75 15 e8 c2 5e 00 00 48 8d
0x0000000180005ae0:   15 23 7a 01 00 48 8d 48 60 e8 3a 5d 00 00 4c 8b
0x0000000180005af0:   e5 8b ac 24 88 00 00 00 44 8b ac 24 80 00 00 00
0x0000000180005b00:   45 8b 74 24 08 41 89 5c 24 08 41 8b fd 85 ed 78
0x0000000180005b10:   09 ff 15 e9 14 01 00 44 8b f8 45 85 ed 7e 4a 90
0x0000000180005b20:   8b c6 ff c6 83 f8 14 7d 40 85 ed 78 0d ff 15 cd
0x0000000180005b30:   14 01 00 41 2b c7 3b c5 7d 2f 8b 4c 24 70 48 63
0x0000000180005b40:   d3 44 8b c7 48 03 54 24 78 e8 a2 31 00 00 85 c0
0x0000000180005b50:   78 33 74 06 03 d8 2b f8 eb 0a b9 e8 03 00 00 e8
0x0000000180005b60:   1c 1c 00 00 41 3b dd 7c b7 8b c3 45 89 74 24 08
0x0000000180005b70:   48 8b 5c 24 60 48 83 c4 20 41 5f 41 5e 41 5d 41
0x0000000180005b80:   5c 5f 5e 5d c3 e8 1e 61 00 00 83 38 04 74 05 e8
0x0000000180005b90:   14 61 00 00 83 c8 ff eb d2 cc cc cc cc cc cc cc
0x0000000180005ba0:   40 53 55 56 57 41 54 41 55 48 81 ec b8 00 00 00
0x0000000180005bb0:   48 8b 05 71 85 01 00 48 33 c4 48 89 84 24 a0 00
0x0000000180005bc0:   00 00 48 8b 01 45 8b e9 41 8b f8 48 8b f2 48 8b
0x0000000180005bd0:   d9 ff 90 f8 00 00 00 4c 8b 13 4c 8d 0d 33 6f 01
0x0000000180005be0:   00 4c 8d 05 7c 6f 01 00 48 8b d0 48 8b cb 4c 8b
0x0000000180005bf0:   e0 41 ff 92 f0 02 00 00 33 ed 48 8b cb 4c 8b c0 


Stack slot to memory mapping:
stack at sp + 0 slots: 0x0 is NULL
stack at sp + 1 slots: 0x0 is NULL
stack at sp + 2 slots: 0x0 is NULL
stack at sp + 3 slots: 0x00007ffe4a4adc96 jvm.dll
stack at sp + 4 slots: 0x0 is NULL
stack at sp + 5 slots: 0x0000008cedafdd48 is pointing into the stack for thread: 0x00000285eb700ab0
stack at sp + 6 slots: 0x00000285eb00c5f8 is pointing into metadata
stack at sp + 7 slots: 0x0000000000000001 is an unknown value


---------------  P R O C E S S  ---------------

Threads class SMR info:
_java_thread_list=0x00000285eb6dc410, length=14, elements={
0x00000285eaaf53e0, 0x00000285eaaf7800, 0x00000285eab035d0, 0x00000285eab040e0,
0x00000285eab071a0, 0x00000285eab07ab0, 0x00000285eab087a0, 0x00000285eab1ad20,
0x00000285eb518050, 0x00000285eaad5d10, 0x00000285eb6713d0, 0x00000285eb700ab0,
0x00000285eb6f2c40, 0x00000285c8766f40
}

Java Threads: ( => current thread )
  0x00000285eaaf53e0 JavaThread "Reference Handler" daemon [_thread_blocked, id=13468, stack(0x0000008cece00000,0x0000008cecf00000)]
  0x00000285eaaf7800 JavaThread "Finalizer" daemon [_thread_blocked, id=12608, stack(0x0000008cecf00000,0x0000008ced000000)]
  0x00000285eab035d0 JavaThread "Signal Dispatcher" daemon [_thread_blocked, id=9640, stack(0x0000008ced000000,0x0000008ced100000)]
  0x00000285eab040e0 JavaThread "Attach Listener" daemon [_thread_blocked, id=7492, stack(0x0000008ced100000,0x0000008ced200000)]
  0x00000285eab071a0 JavaThread "Service Thread" daemon [_thread_blocked, id=19428, stack(0x0000008ced200000,0x0000008ced300000)]
  0x00000285eab07ab0 JavaThread "Monitor Deflation Thread" daemon [_thread_blocked, id=5692, stack(0x0000008ced300000,0x0000008ced400000)]
  0x00000285eab087a0 JavaThread "C2 CompilerThread0" daemon [_thread_blocked, id=11724, stack(0x0000008ced400000,0x0000008ced500000)]
  0x00000285eab1ad20 JavaThread "C1 CompilerThread0" daemon [_thread_blocked, id=1400, stack(0x0000008ced500000,0x0000008ced600000)]
  0x00000285eb518050 JavaThread "Sweeper thread" daemon [_thread_blocked, id=5448, stack(0x0000008ced600000,0x0000008ced700000)]
  0x00000285eaad5d10 JavaThread "Common-Cleaner" daemon [_thread_blocked, id=13472, stack(0x0000008ced700000,0x0000008ced800000)]
  0x00000285eb6713d0 JavaThread "Notification Thread" daemon [_thread_blocked, id=3408, stack(0x0000008ced800000,0x0000008ced900000)]
=>0x00000285eb700ab0 JavaThread "Thread-0" [_thread_in_native, id=12512, stack(0x0000008ceda00000,0x0000008cedb00000)]
  0x00000285eb6f2c40 JavaThread "Thread-1" [_thread_blocked, id=20344, stack(0x0000008cedb00000,0x0000008cedc00000)]
  0x00000285c8766f40 JavaThread "DestroyJavaVM" [_thread_blocked, id=12736, stack(0x0000008cec700000,0x0000008cec800000)]

Other Threads:
  0x00000285eaaeecc0 VMThread "VM Thread" [stack: 0x0000008cecd00000,0x0000008cece00000] [id=7276]
  0x00000285eb6dcf00 WatcherThread [stack: 0x0000008ced900000,0x0000008ceda00000] [id=19776]
  0x00000285c87b5b60 GCTaskThread "GC Thread#0" [stack: 0x0000008cec800000,0x0000008cec900000] [id=15348]
  0x00000285c87c8a20 ConcurrentGCThread "G1 Main Marker" [stack: 0x0000008cec900000,0x0000008ceca00000] [id=8312]
  0x00000285c87c9bc0 ConcurrentGCThread "G1 Conc#0" [stack: 0x0000008ceca00000,0x0000008cecb00000] [id=10316]
  0x00000285c884eb80 ConcurrentGCThread "G1 Refine#0" [stack: 0x0000008cecb00000,0x0000008cecc00000] [id=2152]
  0x00000285ea9a4610 ConcurrentGCThread "G1 Service" [stack: 0x0000008cecc00000,0x0000008cecd00000] [id=17900]

Threads with active compile tasks:

VM state: not at safepoint (normal execution)

VM Mutex/Monitor currently owned by a thread: None

Heap address: 0x0000000701a00000, size: 4070 MB, Compressed Oops mode: Zero based, Oop shift amount: 3

CDS archive(s) mapped at: [0x0000000800000000-0x0000000800bb0000-0x0000000800bb0000), size 12255232, SharedBaseAddress: 0x0000000800000000, ArchiveRelocationMode: 0.
Compressed class space mapped at: 0x0000000800c00000-0x0000000840c00000, reserved size: 1073741824
Narrow klass base: 0x0000000800000000, Narrow klass shift: 3, Narrow klass range: 0x100000000

GC Precious Log:
 CPUs: 4 total, 4 available
 Memory: 16272M
 Large Page Support: Disabled
 NUMA Support: Disabled
 Compressed Oops: Enabled (Zero based)
 Heap Region Size: 2M
 Heap Min Capacity: 8M
 Heap Initial Capacity: 256M
 Heap Max Capacity: 4070M
 Pre-touch: Disabled
 Parallel Workers: 4
 Concurrent Workers: 1
 Concurrent Refinement Workers: 4
 Periodic GC: Disabled

Heap:
 garbage-first heap   total 262144K, used 2048K [0x0000000701a00000, 0x0000000800000000)
  region size 2048K, 2 young (4096K), 0 survivors (0K)
 Metaspace       used 665K, committed 768K, reserved 1056768K
  class space    used 43K, committed 128K, reserved 1048576K

Heap Regions: E=young(eden), S=young(survivor), O=old, HS=humongous(starts), HC=humongous(continues), CS=collection set, F=free, OA=open archive, CA=closed archive, TAMS=top-at-mark-start (previous, next)
|   0|0x0000000701a00000, 0x0000000701a00000, 0x0000000701c00000|  0%| F|  |TAMS 0x0000000701a00000, 0x0000000701a00000| Untracked 
|   1|0x0000000701c00000, 0x0000000701c00000, 0x0000000701e00000|  0%| F|  |TAMS 0x0000000701c00000, 0x0000000701c00000| Untracked 
|   2|0x0000000701e00000, 0x0000000701e00000, 0x0000000702000000|  0%| F|  |TAMS 0x0000000701e00000, 0x0000000701e00000| Untracked 
|   3|0x0000000702000000, 0x0000000702000000, 0x0000000702200000|  0%| F|  |TAMS 0x0000000702000000, 0x0000000702000000| Untracked 
|   4|0x0000000702200000, 0x0000000702200000, 0x0000000702400000|  0%| F|  |TAMS 0x0000000702200000, 0x0000000702200000| Untracked 
|   5|0x0000000702400000, 0x0000000702400000, 0x0000000702600000|  0%| F|  |TAMS 0x0000000702400000, 0x0000000702400000| Untracked 
|   6|0x0000000702600000, 0x0000000702600000, 0x0000000702800000|  0%| F|  |TAMS 0x0000000702600000, 0x0000000702600000| Untracked 
|   7|0x0000000702800000, 0x0000000702800000, 0x0000000702a00000|  0%| F|  |TAMS 0x0000000702800000, 0x0000000702800000| Untracked 
|   8|0x0000000702a00000, 0x0000000702a00000, 0x0000000702c00000|  0%| F|  |TAMS 0x0000000702a00000, 0x0000000702a00000| Untracked 
|   9|0x0000000702c00000, 0x0000000702c00000, 0x0000000702e00000|  0%| F|  |TAMS 0x0000000702c00000, 0x0000000702c00000| Untracked 
|  10|0x0000000702e00000, 0x0000000702e00000, 0x0000000703000000|  0%| F|  |TAMS 0x0000000702e00000, 0x0000000702e00000| Untracked 
|  11|0x0000000703000000, 0x0000000703000000, 0x0000000703200000|  0%| F|  |TAMS 0x0000000703000000, 0x0000000703000000| Untracked 
|  12|0x0000000703200000, 0x0000000703200000, 0x0000000703400000|  0%| F|  |TAMS 0x0000000703200000, 0x0000000703200000| Untracked 
|  13|0x0000000703400000, 0x0000000703400000, 0x0000000703600000|  0%| F|  |TAMS 0x0000000703400000, 0x0000000703400000| Untracked 
|  14|0x0000000703600000, 0x0000000703600000, 0x0000000703800000|  0%| F|  |TAMS 0x0000000703600000, 0x0000000703600000| Untracked 
|  15|0x0000000703800000, 0x0000000703800000, 0x0000000703a00000|  0%| F|  |TAMS 0x0000000703800000, 0x0000000703800000| Untracked 
|  16|0x0000000703a00000, 0x0000000703a00000, 0x0000000703c00000|  0%| F|  |TAMS 0x0000000703a00000, 0x0000000703a00000| Untracked 
|  17|0x0000000703c00000, 0x0000000703c00000, 0x0000000703e00000|  0%| F|  |TAMS 0x0000000703c00000, 0x0000000703c00000| Untracked 
|  18|0x0000000703e00000, 0x0000000703e00000, 0x0000000704000000|  0%| F|  |TAMS 0x0000000703e00000, 0x0000000703e00000| Untracked 
|  19|0x0000000704000000, 0x0000000704000000, 0x0000000704200000|  0%| F|  |TAMS 0x0000000704000000, 0x0000000704000000| Untracked 
|  20|0x0000000704200000, 0x0000000704200000, 0x0000000704400000|  0%| F|  |TAMS 0x0000000704200000, 0x0000000704200000| Untracked 
|  21|0x0000000704400000, 0x0000000704400000, 0x0000000704600000|  0%| F|  |TAMS 0x0000000704400000, 0x0000000704400000| Untracked 
|  22|0x0000000704600000, 0x0000000704600000, 0x0000000704800000|  0%| F|  |TAMS 0x0000000704600000, 0x0000000704600000| Untracked 
|  23|0x0000000704800000, 0x0000000704800000, 0x0000000704a00000|  0%| F|  |TAMS 0x0000000704800000, 0x0000000704800000| Untracked 
|  24|0x0000000704a00000, 0x0000000704a00000, 0x0000000704c00000|  0%| F|  |TAMS 0x0000000704a00000, 0x0000000704a00000| Untracked 
|  25|0x0000000704c00000, 0x0000000704c00000, 0x0000000704e00000|  0%| F|  |TAMS 0x0000000704c00000, 0x0000000704c00000| Untracked 
|  26|0x0000000704e00000, 0x0000000704e00000, 0x0000000705000000|  0%| F|  |TAMS 0x0000000704e00000, 0x0000000704e00000| Untracked 
|  27|0x0000000705000000, 0x0000000705000000, 0x0000000705200000|  0%| F|  |TAMS 0x0000000705000000, 0x0000000705000000| Untracked 
|  28|0x0000000705200000, 0x0000000705200000, 0x0000000705400000|  0%| F|  |TAMS 0x0000000705200000, 0x0000000705200000| Untracked 
|  29|0x0000000705400000, 0x0000000705400000, 0x0000000705600000|  0%| F|  |TAMS 0x0000000705400000, 0x0000000705400000| Untracked 
|  30|0x0000000705600000, 0x0000000705600000, 0x0000000705800000|  0%| F|  |TAMS 0x0000000705600000, 0x0000000705600000| Untracked 
|  31|0x0000000705800000, 0x0000000705800000, 0x0000000705a00000|  0%| F|  |TAMS 0x0000000705800000, 0x0000000705800000| Untracked 
|  32|0x0000000705a00000, 0x0000000705a00000, 0x0000000705c00000|  0%| F|  |TAMS 0x0000000705a00000, 0x0000000705a00000| Untracked 
|  33|0x0000000705c00000, 0x0000000705c00000, 0x0000000705e00000|  0%| F|  |TAMS 0x0000000705c00000, 0x0000000705c00000| Untracked 
|  34|0x0000000705e00000, 0x0000000705e00000, 0x0000000706000000|  0%| F|  |TAMS 0x0000000705e00000, 0x0000000705e00000| Untracked 
|  35|0x0000000706000000, 0x0000000706000000, 0x0000000706200000|  0%| F|  |TAMS 0x0000000706000000, 0x0000000706000000| Untracked 
|  36|0x0000000706200000, 0x0000000706200000, 0x0000000706400000|  0%| F|  |TAMS 0x0000000706200000, 0x0000000706200000| Untracked 
|  37|0x0000000706400000, 0x0000000706400000, 0x0000000706600000|  0%| F|  |TAMS 0x0000000706400000, 0x0000000706400000| Untracked 
|  38|0x0000000706600000, 0x0000000706600000, 0x0000000706800000|  0%| F|  |TAMS 0x0000000706600000, 0x0000000706600000| Untracked 
|  39|0x0000000706800000, 0x0000000706800000, 0x0000000706a00000|  0%| F|  |TAMS 0x0000000706800000, 0x0000000706800000| Untracked 
|  40|0x0000000706a00000, 0x0000000706a00000, 0x0000000706c00000|  0%| F|  |TAMS 0x0000000706a00000, 0x0000000706a00000| Untracked 
|  41|0x0000000706c00000, 0x0000000706c00000, 0x0000000706e00000|  0%| F|  |TAMS 0x0000000706c00000, 0x0000000706c00000| Untracked 
|  42|0x0000000706e00000, 0x0000000706e00000, 0x0000000707000000|  0%| F|  |TAMS 0x0000000706e00000, 0x0000000706e00000| Untracked 
|  43|0x0000000707000000, 0x0000000707000000, 0x0000000707200000|  0%| F|  |TAMS 0x0000000707000000, 0x0000000707000000| Untracked 
|  44|0x0000000707200000, 0x0000000707200000, 0x0000000707400000|  0%| F|  |TAMS 0x0000000707200000, 0x0000000707200000| Untracked 
|  45|0x0000000707400000, 0x0000000707400000, 0x0000000707600000|  0%| F|  |TAMS 0x0000000707400000, 0x0000000707400000| Untracked 
|  46|0x0000000707600000, 0x0000000707600000, 0x0000000707800000|  0%| F|  |TAMS 0x0000000707600000, 0x0000000707600000| Untracked 
|  47|0x0000000707800000, 0x0000000707800000, 0x0000000707a00000|  0%| F|  |TAMS 0x0000000707800000, 0x0000000707800000| Untracked 
|  48|0x0000000707a00000, 0x0000000707a00000, 0x0000000707c00000|  0%| F|  |TAMS 0x0000000707a00000, 0x0000000707a00000| Untracked 
|  49|0x0000000707c00000, 0x0000000707c00000, 0x0000000707e00000|  0%| F|  |TAMS 0x0000000707c00000, 0x0000000707c00000| Untracked 
|  50|0x0000000707e00000, 0x0000000707e00000, 0x0000000708000000|  0%| F|  |TAMS 0x0000000707e00000, 0x0000000707e00000| Untracked 
|  51|0x0000000708000000, 0x0000000708000000, 0x0000000708200000|  0%| F|  |TAMS 0x0000000708000000, 0x0000000708000000| Untracked 
|  52|0x0000000708200000, 0x0000000708200000, 0x0000000708400000|  0%| F|  |TAMS 0x0000000708200000, 0x0000000708200000| Untracked 
|  53|0x0000000708400000, 0x0000000708400000, 0x0000000708600000|  0%| F|  |TAMS 0x0000000708400000, 0x0000000708400000| Untracked 
|  54|0x0000000708600000, 0x0000000708600000, 0x0000000708800000|  0%| F|  |TAMS 0x0000000708600000, 0x0000000708600000| Untracked 
|  55|0x0000000708800000, 0x0000000708800000, 0x0000000708a00000|  0%| F|  |TAMS 0x0000000708800000, 0x0000000708800000| Untracked 
|  56|0x0000000708a00000, 0x0000000708a00000, 0x0000000708c00000|  0%| F|  |TAMS 0x0000000708a00000, 0x0000000708a00000| Untracked 
|  57|0x0000000708c00000, 0x0000000708c00000, 0x0000000708e00000|  0%| F|  |TAMS 0x0000000708c00000, 0x0000000708c00000| Untracked 
|  58|0x0000000708e00000, 0x0000000708e00000, 0x0000000709000000|  0%| F|  |TAMS 0x0000000708e00000, 0x0000000708e00000| Untracked 
|  59|0x0000000709000000, 0x0000000709000000, 0x0000000709200000|  0%| F|  |TAMS 0x0000000709000000, 0x0000000709000000| Untracked 
|  60|0x0000000709200000, 0x0000000709200000, 0x0000000709400000|  0%| F|  |TAMS 0x0000000709200000, 0x0000000709200000| Untracked 
|  61|0x0000000709400000, 0x0000000709400000, 0x0000000709600000|  0%| F|  |TAMS 0x0000000709400000, 0x0000000709400000| Untracked 
|  62|0x0000000709600000, 0x0000000709600000, 0x0000000709800000|  0%| F|  |TAMS 0x0000000709600000, 0x0000000709600000| Untracked 
|  63|0x0000000709800000, 0x0000000709800000, 0x0000000709a00000|  0%| F|  |TAMS 0x0000000709800000, 0x0000000709800000| Untracked 
|  64|0x0000000709a00000, 0x0000000709a00000, 0x0000000709c00000|  0%| F|  |TAMS 0x0000000709a00000, 0x0000000709a00000| Untracked 
|  65|0x0000000709c00000, 0x0000000709c00000, 0x0000000709e00000|  0%| F|  |TAMS 0x0000000709c00000, 0x0000000709c00000| Untracked 
|  66|0x0000000709e00000, 0x0000000709e00000, 0x000000070a000000|  0%| F|  |TAMS 0x0000000709e00000, 0x0000000709e00000| Untracked 
|  67|0x000000070a000000, 0x000000070a000000, 0x000000070a200000|  0%| F|  |TAMS 0x000000070a000000, 0x000000070a000000| Untracked 
|  68|0x000000070a200000, 0x000000070a200000, 0x000000070a400000|  0%| F|  |TAMS 0x000000070a200000, 0x000000070a200000| Untracked 
|  69|0x000000070a400000, 0x000000070a400000, 0x000000070a600000|  0%| F|  |TAMS 0x000000070a400000, 0x000000070a400000| Untracked 
|  70|0x000000070a600000, 0x000000070a600000, 0x000000070a800000|  0%| F|  |TAMS 0x000000070a600000, 0x000000070a600000| Untracked 
|  71|0x000000070a800000, 0x000000070a800000, 0x000000070aa00000|  0%| F|  |TAMS 0x000000070a800000, 0x000000070a800000| Untracked 
|  72|0x000000070aa00000, 0x000000070aa00000, 0x000000070ac00000|  0%| F|  |TAMS 0x000000070aa00000, 0x000000070aa00000| Untracked 
|  73|0x000000070ac00000, 0x000000070ac00000, 0x000000070ae00000|  0%| F|  |TAMS 0x000000070ac00000, 0x000000070ac00000| Untracked 
|  74|0x000000070ae00000, 0x000000070ae00000, 0x000000070b000000|  0%| F|  |TAMS 0x000000070ae00000, 0x000000070ae00000| Untracked 
|  75|0x000000070b000000, 0x000000070b000000, 0x000000070b200000|  0%| F|  |TAMS 0x000000070b000000, 0x000000070b000000| Untracked 
|  76|0x000000070b200000, 0x000000070b200000, 0x000000070b400000|  0%| F|  |TAMS 0x000000070b200000, 0x000000070b200000| Untracked 
|  77|0x000000070b400000, 0x000000070b400000, 0x000000070b600000|  0%| F|  |TAMS 0x000000070b400000, 0x000000070b400000| Untracked 
|  78|0x000000070b600000, 0x000000070b600000, 0x000000070b800000|  0%| F|  |TAMS 0x000000070b600000, 0x000000070b600000| Untracked 
|  79|0x000000070b800000, 0x000000070b800000, 0x000000070ba00000|  0%| F|  |TAMS 0x000000070b800000, 0x000000070b800000| Untracked 
|  80|0x000000070ba00000, 0x000000070ba00000, 0x000000070bc00000|  0%| F|  |TAMS 0x000000070ba00000, 0x000000070ba00000| Untracked 
|  81|0x000000070bc00000, 0x000000070bc00000, 0x000000070be00000|  0%| F|  |TAMS 0x000000070bc00000, 0x000000070bc00000| Untracked 
|  82|0x000000070be00000, 0x000000070be00000, 0x000000070c000000|  0%| F|  |TAMS 0x000000070be00000, 0x000000070be00000| Untracked 
|  83|0x000000070c000000, 0x000000070c000000, 0x000000070c200000|  0%| F|  |TAMS 0x000000070c000000, 0x000000070c000000| Untracked 
|  84|0x000000070c200000, 0x000000070c200000, 0x000000070c400000|  0%| F|  |TAMS 0x000000070c200000, 0x000000070c200000| Untracked 
|  85|0x000000070c400000, 0x000000070c400000, 0x000000070c600000|  0%| F|  |TAMS 0x000000070c400000, 0x000000070c400000| Untracked 
|  86|0x000000070c600000, 0x000000070c600000, 0x000000070c800000|  0%| F|  |TAMS 0x000000070c600000, 0x000000070c600000| Untracked 
|  87|0x000000070c800000, 0x000000070c800000, 0x000000070ca00000|  0%| F|  |TAMS 0x000000070c800000, 0x000000070c800000| Untracked 
|  88|0x000000070ca00000, 0x000000070ca00000, 0x000000070cc00000|  0%| F|  |TAMS 0x000000070ca00000, 0x000000070ca00000| Untracked 
|  89|0x000000070cc00000, 0x000000070cc00000, 0x000000070ce00000|  0%| F|  |TAMS 0x000000070cc00000, 0x000000070cc00000| Untracked 
|  90|0x000000070ce00000, 0x000000070ce00000, 0x000000070d000000|  0%| F|  |TAMS 0x000000070ce00000, 0x000000070ce00000| Untracked 
|  91|0x000000070d000000, 0x000000070d000000, 0x000000070d200000|  0%| F|  |TAMS 0x000000070d000000, 0x000000070d000000| Untracked 
|  92|0x000000070d200000, 0x000000070d200000, 0x000000070d400000|  0%| F|  |TAMS 0x000000070d200000, 0x000000070d200000| Untracked 
|  93|0x000000070d400000, 0x000000070d400000, 0x000000070d600000|  0%| F|  |TAMS 0x000000070d400000, 0x000000070d400000| Untracked 
|  94|0x000000070d600000, 0x000000070d600000, 0x000000070d800000|  0%| F|  |TAMS 0x000000070d600000, 0x000000070d600000| Untracked 
|  95|0x000000070d800000, 0x000000070d800000, 0x000000070da00000|  0%| F|  |TAMS 0x000000070d800000, 0x000000070d800000| Untracked 
|  96|0x000000070da00000, 0x000000070da00000, 0x000000070dc00000|  0%| F|  |TAMS 0x000000070da00000, 0x000000070da00000| Untracked 
|  97|0x000000070dc00000, 0x000000070dc00000, 0x000000070de00000|  0%| F|  |TAMS 0x000000070dc00000, 0x000000070dc00000| Untracked 
|  98|0x000000070de00000, 0x000000070de00000, 0x000000070e000000|  0%| F|  |TAMS 0x000000070de00000, 0x000000070de00000| Untracked 
|  99|0x000000070e000000, 0x000000070e000000, 0x000000070e200000|  0%| F|  |TAMS 0x000000070e000000, 0x000000070e000000| Untracked 
| 100|0x000000070e200000, 0x000000070e200000, 0x000000070e400000|  0%| F|  |TAMS 0x000000070e200000, 0x000000070e200000| Untracked 
| 101|0x000000070e400000, 0x000000070e400000, 0x000000070e600000|  0%| F|  |TAMS 0x000000070e400000, 0x000000070e400000| Untracked 
| 102|0x000000070e600000, 0x000000070e600000, 0x000000070e800000|  0%| F|  |TAMS 0x000000070e600000, 0x000000070e600000| Untracked 
| 103|0x000000070e800000, 0x000000070e800000, 0x000000070ea00000|  0%| F|  |TAMS 0x000000070e800000, 0x000000070e800000| Untracked 
| 104|0x000000070ea00000, 0x000000070ea00000, 0x000000070ec00000|  0%| F|  |TAMS 0x000000070ea00000, 0x000000070ea00000| Untracked 
| 105|0x000000070ec00000, 0x000000070ec00000, 0x000000070ee00000|  0%| F|  |TAMS 0x000000070ec00000, 0x000000070ec00000| Untracked 
| 106|0x000000070ee00000, 0x000000070ee00000, 0x000000070f000000|  0%| F|  |TAMS 0x000000070ee00000, 0x000000070ee00000| Untracked 
| 107|0x000000070f000000, 0x000000070f000000, 0x000000070f200000|  0%| F|  |TAMS 0x000000070f000000, 0x000000070f000000| Untracked 
| 108|0x000000070f200000, 0x000000070f200000, 0x000000070f400000|  0%| F|  |TAMS 0x000000070f200000, 0x000000070f200000| Untracked 
| 109|0x000000070f400000, 0x000000070f400000, 0x000000070f600000|  0%| F|  |TAMS 0x000000070f400000, 0x000000070f400000| Untracked 
| 110|0x000000070f600000, 0x000000070f600000, 0x000000070f800000|  0%| F|  |TAMS 0x000000070f600000, 0x000000070f600000| Untracked 
| 111|0x000000070f800000, 0x000000070f800000, 0x000000070fa00000|  0%| F|  |TAMS 0x000000070f800000, 0x000000070f800000| Untracked 
| 112|0x000000070fa00000, 0x000000070fa00000, 0x000000070fc00000|  0%| F|  |TAMS 0x000000070fa00000, 0x000000070fa00000| Untracked 
| 113|0x000000070fc00000, 0x000000070fc00000, 0x000000070fe00000|  0%| F|  |TAMS 0x000000070fc00000, 0x000000070fc00000| Untracked 
| 114|0x000000070fe00000, 0x000000070fe00000, 0x0000000710000000|  0%| F|  |TAMS 0x000000070fe00000, 0x000000070fe00000| Untracked 
| 115|0x0000000710000000, 0x0000000710000000, 0x0000000710200000|  0%| F|  |TAMS 0x0000000710000000, 0x0000000710000000| Untracked 
| 116|0x0000000710200000, 0x0000000710200000, 0x0000000710400000|  0%| F|  |TAMS 0x0000000710200000, 0x0000000710200000| Untracked 
| 117|0x0000000710400000, 0x0000000710400000, 0x0000000710600000|  0%| F|  |TAMS 0x0000000710400000, 0x0000000710400000| Untracked 
| 118|0x0000000710600000, 0x0000000710600000, 0x0000000710800000|  0%| F|  |TAMS 0x0000000710600000, 0x0000000710600000| Untracked 
| 119|0x0000000710800000, 0x0000000710800000, 0x0000000710a00000|  0%| F|  |TAMS 0x0000000710800000, 0x0000000710800000| Untracked 
| 120|0x0000000710a00000, 0x0000000710a00000, 0x0000000710c00000|  0%| F|  |TAMS 0x0000000710a00000, 0x0000000710a00000| Untracked 
| 121|0x0000000710c00000, 0x0000000710c00000, 0x0000000710e00000|  0%| F|  |TAMS 0x0000000710c00000, 0x0000000710c00000| Untracked 
| 122|0x0000000710e00000, 0x0000000710e00000, 0x0000000711000000|  0%| F|  |TAMS 0x0000000710e00000, 0x0000000710e00000| Untracked 
| 123|0x0000000711000000, 0x0000000711000000, 0x0000000711200000|  0%| F|  |TAMS 0x0000000711000000, 0x0000000711000000| Untracked 
| 124|0x0000000711200000, 0x0000000711200000, 0x0000000711400000|  0%| F|  |TAMS 0x0000000711200000, 0x0000000711200000| Untracked 
| 125|0x0000000711400000, 0x0000000711400000, 0x0000000711600000|  0%| F|  |TAMS 0x0000000711400000, 0x0000000711400000| Untracked 
| 126|0x0000000711600000, 0x00000007116f6750, 0x0000000711800000| 48%| E|  |TAMS 0x0000000711600000, 0x0000000711600000| Complete 
| 127|0x0000000711800000, 0x0000000711a00000, 0x0000000711a00000|100%| E|CS|TAMS 0x0000000711800000, 0x0000000711800000| Complete 

Card table byte_map: [0x00000285df6f0000,0x00000285dfef0000] _byte_map_base: 0x00000285dbee3000

Marking Bits (Prev, Next): (CMBitMap*) 0x00000285c87b8180, (CMBitMap*) 0x00000285c87b81c0
 Prev Bits: [0x00000285e06f0000, 0x00000285e4688000)
 Next Bits: [0x00000285e4690000, 0x00000285e8628000)

Polling page: 0x00000285c6640000

Metaspace:

Usage:
  Non-class:    621.24 KB used.
      Class:     43.83 KB used.
       Both:    665.07 KB used.

Virtual space:
  Non-class space:        8.00 MB reserved,     640.00 KB (  8%) committed,  1 nodes.
      Class space:        1.00 GB reserved,     128.00 KB ( <1%) committed,  1 nodes.
              Both:        1.01 GB reserved,     768.00 KB ( <1%) committed. 

Chunk freelists:
   Non-Class:  3.88 MB
       Class:  3.73 MB
        Both:  7.60 MB

MaxMetaspaceSize: 17179869184.00 GB
CompressedClassSpaceSize: 1.00 GB
 - commit_granule_bytes: 65536.
 - commit_granule_words: 8192.
 - virtual_space_node_default_size: 1048576.
 - enlarge_chunks_in_place: 1.
 - new_chunks_are_fully_committed: 0.
 - uncommit_free_chunks: 1.
 - use_allocation_guard: 0.
 - handle_deallocations: 1.


Internal statistics:

num_allocs_failed_limit: 0.
num_arena_births: 6.
num_arena_deaths: 0.
num_vsnodes_births: 2.
num_vsnodes_deaths: 0.
num_space_committed: 12.
num_space_uncommitted: 0.
num_chunks_returned_to_freelist: 0.
num_chunks_taken_from_freelist: 16.
num_chunk_merges: 0.
num_chunk_splits: 10.
num_chunks_enlarged: 8.
num_purges: 0.

CodeHeap 'non-profiled nmethods': size=120000Kb used=73Kb max_used=73Kb free=119926Kb
 bounds [0x00000285d79c0000, 0x00000285d7c30000, 0x00000285deef0000]
CodeHeap 'profiled nmethods': size=120000Kb used=305Kb max_used=305Kb free=119695Kb
 bounds [0x00000285d0490000, 0x00000285d0700000, 0x00000285d79c0000]
CodeHeap 'non-nmethods': size=5760Kb used=1110Kb max_used=1124Kb free=4649Kb
 bounds [0x00000285cfef0000, 0x00000285d0160000, 0x00000285d0490000]
 total_blobs=641 nmethods=260 adapters=294
 compilation: enabled
              stopped_count=0, restarted_count=0
 full_count=0

Compilation events (20 events):
Event: 0.212 Thread 0x00000285eab1ad20  251       3       java.lang.StringBuffer::<init> (7 bytes)
Event: 0.212 Thread 0x00000285eab1ad20 nmethod 251 0x00000285d04d7810 code [0x00000285d04d79c0, 0x00000285d04d7b08]
Event: 0.212 Thread 0x00000285eab1ad20  252  s    3       java.lang.StringBuffer::toString (59 bytes)
Event: 0.213 Thread 0x00000285eab1ad20 nmethod 252 0x00000285d04d7b90 code [0x00000285d04d7d80, 0x00000285d04d83b8]
Event: 0.213 Thread 0x00000285eab1ad20  256       3       java.lang.StringLatin1::toUpperCase (186 bytes)
Event: 0.214 Thread 0x00000285eab1ad20 nmethod 256 0x00000285d04d8590 code [0x00000285d04d8800, 0x00000285d04d9358]
Event: 0.214 Thread 0x00000285eab1ad20  257       3       java.lang.String::regionMatches (189 bytes)
Event: 0.215 Thread 0x00000285eab1ad20 nmethod 257 0x00000285d04d9790 code [0x00000285d04d99e0, 0x00000285d04da6b8]
Event: 0.215 Thread 0x00000285eab1ad20  254       3       java.lang.String::toUpperCase (8 bytes)
Event: 0.215 Thread 0x00000285eab1ad20 nmethod 254 0x00000285d04dab10 code [0x00000285d04dad00, 0x00000285d04db098]
Event: 0.215 Thread 0x00000285eab1ad20  255       3       java.lang.String::toUpperCase (29 bytes)
Event: 0.215 Thread 0x00000285eab1ad20 nmethod 255 0x00000285d04db210 code [0x00000285d04db3e0, 0x00000285d04db6b8]
Event: 0.215 Thread 0x00000285eab1ad20  253  s    3       java.lang.StringBuffer::append (13 bytes)
Event: 0.216 Thread 0x00000285eab1ad20 nmethod 253 0x00000285d04db790 code [0x00000285d04db940, 0x00000285d04dbb68]
Event: 0.217 Thread 0x00000285eab087a0  258       4       java.util.Objects::requireNonNull (14 bytes)
Event: 0.217 Thread 0x00000285eab087a0 nmethod 258 0x00000285d79d2390 code [0x00000285d79d2500, 0x00000285d79d2578]
Event: 0.225 Thread 0x00000285eab1ad20  259       3       java.util.Objects::requireNonNull (15 bytes)
Event: 0.225 Thread 0x00000285eab1ad20 nmethod 259 0x00000285d04dbc10 code [0x00000285d04dbdc0, 0x00000285d04dbfa8]
Event: 0.234 Thread 0x00000285eab1ad20  260       3       java.lang.String::toString (2 bytes)
Event: 0.234 Thread 0x00000285eab1ad20 nmethod 260 0x00000285d04dc090 code [0x00000285d04dc220, 0x00000285d04dc338]

GC Heap History (0 events):
No events

Deoptimization events (4 events):
Event: 0.147 Thread 0x00000285c8766f40 Uncommon trap: trap_request=0xffffff45 fr.pc=0x00000285d79cdbcc relative=0x00000000000007cc
Event: 0.147 Thread 0x00000285c8766f40 Uncommon trap: reason=unstable_if action=reinterpret pc=0x00000285d79cdbcc method=java.util.HashMap.putVal(ILjava/lang/Object;Ljava/lang/Object;ZZ)Ljava/lang/Object; @ 236 c2
Event: 0.147 Thread 0x00000285c8766f40 DEOPT PACKING pc=0x00000285d79cdbcc sp=0x0000008cec7feba0
Event: 0.147 Thread 0x00000285c8766f40 DEOPT UNPACKING pc=0x00000285cff3d72e sp=0x0000008cec7feb48 mode 2

Classes unloaded (0 events):
No events

Classes redefined (0 events):
No events

Internal exceptions (6 events):
Event: 0.112 Thread 0x00000285c8766f40 Exception <a 'sun/nio/fs/WindowsException'{0x000000071192f6b0}> (0x000000071192f6b0) 
thrown [t:\workspace\open\src\hotspot\share\prims\jni.cpp, line 579]
Event: 0.112 Thread 0x00000285c8766f40 Exception <a 'sun/nio/fs/WindowsException'{0x000000071192fbe0}> (0x000000071192fbe0) 
thrown [t:\workspace\open\src\hotspot\share\prims\jni.cpp, line 579]
Event: 0.204 Thread 0x00000285c8766f40 Exception <a 'java/io/FileNotFoundException'{0x00000007116257e0}> (0x00000007116257e0) 
thrown [t:\workspace\open\src\hotspot\share\prims\jni.cpp, line 579]
Event: 0.205 Thread 0x00000285c8766f40 Exception <a 'java/io/FileNotFoundException'{0x00000007116261c8}> (0x00000007116261c8) 
thrown [t:\workspace\open\src\hotspot\share\prims\jni.cpp, line 579]
Event: 0.211 Thread 0x00000285c8766f40 Exception <a 'java/io/FileNotFoundException'{0x0000000711636df0}> (0x0000000711636df0) 
thrown [t:\workspace\open\src\hotspot\share\prims\jni.cpp, line 579]
Event: 0.212 Thread 0x00000285c8766f40 Exception <a 'java/io/FileNotFoundException'{0x0000000711637590}> (0x0000000711637590) 
thrown [t:\workspace\open\src\hotspot\share\prims\jni.cpp, line 579]

Events (20 events):
Event: 0.180 Loaded shared library C:\Program Files\Java\jdk-16.0.2\bin\verify.dll
Event: 0.182 loading class java/util/EventObject
Event: 0.182 loading class java/util/EventObject done
Event: 0.185 loading class java/lang/InterruptedException
Event: 0.185 loading class java/lang/InterruptedException done
Event: 0.189 Executing  VM operation: HandshakeAllThreads
Event: 0.189 Executing  VM operation: HandshakeAllThreads done
Event: 0.198 Loaded shared library C:\Users\shukn\Documents\NetBeansProjects\RFID Card RW\rxtxSerial.dll
Event: 0.204 loading class java/io/FileNotFoundException
Event: 0.204 loading class java/io/FileNotFoundException done
Event: 0.216 loading class java/util/TooManyListenersException
Event: 0.216 loading class java/util/TooManyListenersException done
Event: 0.217 loading class java/lang/NumberFormatException
Event: 0.218 loading class java/lang/NumberFormatException done
Event: 0.219 loading class java/lang/IndexOutOfBoundsException
Event: 0.219 loading class java/lang/IndexOutOfBoundsException done
Event: 0.226 Thread 0x00000285eb700ab0 Thread added: 0x00000285eb700ab0
Event: 0.234 Thread 0x00000285eb6f2c40 Thread added: 0x00000285eb6f2c40
Event: 0.234 Thread 0x00000285c8766f40 Thread exited: 0x00000285c8766f40
Event: 0.235 Thread 0x00000285c8766f40 Thread added: 0x00000285c8766f40


Dynamic libraries:
0x00007ff7b2ab0000 - 0x00007ff7b2ac0000 	C:\Program Files\Java\jdk-16.0.2\bin\java.exe
0x00007ffeb35b0000 - 0x00007ffeb37a5000 	C:\WINDOWS\SYSTEM32\ntdll.dll
0x00007ffeb1800000 - 0x00007ffeb18bd000 	C:\WINDOWS\System32\KERNEL32.DLL
0x00007ffeb11c0000 - 0x00007ffeb1489000 	C:\WINDOWS\System32\KERNELBASE.dll
0x00007ffeb1520000 - 0x00007ffeb1620000 	C:\WINDOWS\System32\ucrtbase.dll
0x00007ffeaaee0000 - 0x00007ffeaaef9000 	C:\Program Files\Java\jdk-16.0.2\bin\VCRUNTIME140.dll
0x00007ffea01a0000 - 0x00007ffea01b8000 	C:\Program Files\Java\jdk-16.0.2\bin\jli.dll
0x00007ffeb1fd0000 - 0x00007ffeb207c000 	C:\WINDOWS\System32\ADVAPI32.dll
0x00007ffeb1930000 - 0x00007ffeb19ce000 	C:\WINDOWS\System32\msvcrt.dll
0x00007ffeb2cc0000 - 0x00007ffeb2d5b000 	C:\WINDOWS\System32\sechost.dll
0x00007ffeb1620000 - 0x00007ffeb174a000 	C:\WINDOWS\System32\RPCRT4.dll
0x00007ffe9d0e0000 - 0x00007ffe9d37a000 	C:\WINDOWS\WinSxS\amd64_microsoft.windows.common-controls_6595b64144ccf1df_6.0.19041.1052_none_60b8f8fd71f5e8cb\COMCTL32.dll
0x00007ffeb2c90000 - 0x00007ffeb2cba000 	C:\WINDOWS\System32\GDI32.dll
0x00007ffeb20e0000 - 0x00007ffeb2280000 	C:\WINDOWS\System32\USER32.dll
0x00007ffeb1190000 - 0x00007ffeb11b2000 	C:\WINDOWS\System32\win32u.dll
0x00007ffeb0ff0000 - 0x00007ffeb10fb000 	C:\WINDOWS\System32\gdi32full.dll
0x00007ffeb0f50000 - 0x00007ffeb0fed000 	C:\WINDOWS\System32\msvcp_win.dll
0x00007ffeaa150000 - 0x00007ffeaa15a000 	C:\WINDOWS\SYSTEM32\VERSION.dll
0x00007ffeb1ab0000 - 0x00007ffeb1ae0000 	C:\WINDOWS\System32\IMM32.DLL
0x00007ffeac860000 - 0x00007ffeac86c000 	C:\Program Files\Java\jdk-16.0.2\bin\vcruntime140_1.dll
0x00007ffe88270000 - 0x00007ffe88301000 	C:\Program Files\Java\jdk-16.0.2\bin\msvcp140.dll
0x00007ffe4a0d0000 - 0x00007ffe4ac7b000 	C:\Program Files\Java\jdk-16.0.2\bin\server\jvm.dll
0x00007ffeb2a40000 - 0x00007ffeb2a48000 	C:\WINDOWS\System32\PSAPI.DLL
0x00007ffe98c90000 - 0x00007ffe98cb7000 	C:\WINDOWS\SYSTEM32\WINMM.dll
0x00007ffe92300000 - 0x00007ffe92309000 	C:\WINDOWS\SYSTEM32\WSOCK32.dll
0x00007ffeb2a50000 - 0x00007ffeb2abb000 	C:\WINDOWS\System32\WS2_32.dll
0x00007ffeaf600000 - 0x00007ffeaf612000 	C:\WINDOWS\SYSTEM32\kernel.appcore.dll
0x00007ffeac020000 - 0x00007ffeac02a000 	C:\Program Files\Java\jdk-16.0.2\bin\jimage.dll
0x00007ffe9cdf0000 - 0x00007ffe9cfd4000 	C:\WINDOWS\SYSTEM32\DBGHELP.DLL
0x00007ffe9c5c0000 - 0x00007ffe9c5ec000 	C:\WINDOWS\SYSTEM32\dbgcore.DLL
0x00007ffeb1490000 - 0x00007ffeb1513000 	C:\WINDOWS\System32\bcryptPrimitives.dll
0x00007ffea9880000 - 0x00007ffea98a5000 	C:\Program Files\Java\jdk-16.0.2\bin\java.dll
0x00007ffeb2300000 - 0x00007ffeb2a3f000 	C:\WINDOWS\System32\SHELL32.dll
0x00007ffeaed30000 - 0x00007ffeaf4c1000 	C:\WINDOWS\SYSTEM32\windows.storage.dll
0x00007ffeb1ae0000 - 0x00007ffeb1e35000 	C:\WINDOWS\System32\combase.dll
0x00007ffeb0760000 - 0x00007ffeb078c000 	C:\WINDOWS\SYSTEM32\Wldp.dll
0x00007ffeb1750000 - 0x00007ffeb17fe000 	C:\WINDOWS\System32\SHCORE.dll
0x00007ffeb2080000 - 0x00007ffeb20d5000 	C:\WINDOWS\System32\shlwapi.dll
0x00007ffeb0c30000 - 0x00007ffeb0c4f000 	C:\WINDOWS\SYSTEM32\profapi.dll
0x00007ffea4020000 - 0x00007ffea4039000 	C:\Program Files\Java\jdk-16.0.2\bin\net.dll
0x00007ffea8810000 - 0x00007ffea891a000 	C:\WINDOWS\SYSTEM32\WINHTTP.dll
0x00007ffeb04c0000 - 0x00007ffeb052a000 	C:\WINDOWS\system32\mswsock.dll
0x00007ffea3d90000 - 0x00007ffea3da3000 	C:\Program Files\Java\jdk-16.0.2\bin\nio.dll
0x00007ffea3c20000 - 0x00007ffea3c38000 	C:\Program Files\Java\jdk-16.0.2\bin\zip.dll
0x00007ffeaaa80000 - 0x00007ffeaaa90000 	C:\Program Files\Java\jdk-16.0.2\bin\verify.dll
0x0000000180000000 - 0x0000000180025000 	C:\Users\shukn\Documents\NetBeansProjects\RFID Card RW\rxtxSerial.dll

dbghelp: loaded successfully - version: 4.0.5 - missing functions: none
symbol engine: initialized successfully - sym options: 0x614 - pdb path: .;C:\Program Files\Java\jdk-16.0.2\bin;C:\WINDOWS\SYSTEM32;C:\WINDOWS\WinSxS\amd64_microsoft.windows.common-controls_6595b64144ccf1df_6.0.19041.1052_none_60b8f8fd71f5e8cb;C:\Program Files\Java\jdk-16.0.2\bin\server;C:\Users\shukn\Documents\NetBeansProjects\RFID Card RW

VM Arguments:
jvm_args: -Dfile.encoding=UTF-8 --module-path=C:\Users\shukn\Documents\NetBeansProjects\RFID Card RW\build\classes 
java_command: ReadArduino
java_class_path (initial): C:\Users\shukn\Documents\NetBeansProjects\mysql-connector-java-8.0.26\mysql-connector-java-8.0.26.jar;C:\Users\shukn\Documents\NetBeansProjects\mfz-rxtx-2.2-20081207-win-x64\RXTXcomm.jar;C:\Users\shukn\Documents\NetBeansProjects\RFID Card RW\build\classes
Launcher Type: SUN_STANDARD

[Global flags]
     intx CICompilerCount                          = 3                                         {product} {ergonomic}
     uint ConcGCThreads                            = 1                                         {product} {ergonomic}
     uint G1ConcRefinementThreads                  = 4                                         {product} {ergonomic}
   size_t G1HeapRegionSize                         = 2097152                                   {product} {ergonomic}
    uintx GCDrainStackTargetSize                   = 64                                        {product} {ergonomic}
   size_t InitialHeapSize                          = 268435456                                 {product} {ergonomic}
   size_t MarkStackSize                            = 4194304                                   {product} {ergonomic}
   size_t MaxHeapSize                              = 4267704320                                {product} {ergonomic}
   size_t MaxNewSize                               = 2560622592                                {product} {ergonomic}
   size_t MinHeapDeltaBytes                        = 2097152                                   {product} {ergonomic}
   size_t MinHeapSize                              = 8388608                                   {product} {ergonomic}
    uintx NonNMethodCodeHeapSize                   = 5832780                                {pd product} {ergonomic}
    uintx NonProfiledCodeHeapSize                  = 122912730                              {pd product} {ergonomic}
    uintx ProfiledCodeHeapSize                     = 122912730                              {pd product} {ergonomic}
    uintx ReservedCodeCacheSize                    = 251658240                              {pd product} {ergonomic}
     bool SegmentedCodeCache                       = true                                      {product} {ergonomic}
   size_t SoftMaxHeapSize                          = 4267704320                             {manageable} {ergonomic}
     bool UseCompressedClassPointers               = true                           {product lp64_product} {ergonomic}
     bool UseCompressedOops                        = true                           {product lp64_product} {ergonomic}
     bool UseG1GC                                  = true                                      {product} {ergonomic}
     bool UseLargePagesIndividualAllocation        = false                                  {pd product} {ergonomic}

Logging:
Log output configuration:
 #0: stdout all=warning uptime,level,tags
 #1: stderr all=off uptime,level,tags

Environment Variables:
PATH=C:\Program Files\Common Files\Oracle\Java\javapath;C:\Program Files (x86)\Common Files\Oracle\Java\javapath;C:\Windows\system32;C:\Windows;C:\Windows\System32\Wbem;C:\Windows\System32\WindowsPowerShell\v1.0\;C:\Windows\System32\OpenSSH\;C:\Program Files (x86)\NVIDIA Corporation\PhysX\Common;C:\Program Files\NVIDIA Corporation\NVIDIA NvDLISR;C:\Program Files\PuTTY\;C:\WINDOWS\system32;C:\WINDOWS;C:\WINDOWS\System32\Wbem;C:\WINDOWS\System32\WindowsPowerShell\v1.0\;C:\WINDOWS\System32\OpenSSH\;C:\Program Files\dotnet\;C:\Users\shukn\AppData\Local\Microsoft\WindowsApps;%DASHLANE_DLL_DIR%;;C:\Users\shukn\.dotnet\tools;C:\Users\shukn\AppData\Local\Programs\Microsoft VS Code\bin
USERNAME=shukn
OS=Windows_NT
PROCESSOR_IDENTIFIER=Intel64 Family 6 Model 60 Stepping 3, GenuineIntel



---------------  S Y S T E M  ---------------

OS:
 Windows 10 , 64 bit Build 19041 (10.0.19041.1023)
OS uptime: 1 days 5:41 hours

CPU: total 4 (initial active 4) (2 cores per cpu, 2 threads per core) family 6 model 60 stepping 3 microcode 0x28, cx8, cmov, fxsr, ht, mmx, sse, sse2, sse3, ssse3, sse4.1, sse4.2, popcnt, lzcnt, tsc, tscinvbit, avx, avx2, aes, erms, clmul, bmi1, bmi2, fma, vzeroupper, clflush

Memory: 4k page, system-wide physical 16272M (10520M free)
TotalPageFile size 18704M (AvailPageFile size 10803M)
current process WorkingSet (physical memory assigned to process): 34M, peak: 34M
current process commit charge ("private bytes"): 336M, peak: 336M

vm_info: Java HotSpot(TM) 64-Bit Server VM (16.0.2+7-67) for windows-amd64 JRE (16.0.2+7-67), built on Jun  8 2021 23:24:19 by "mach5one" with MS VC++ 16.7 (VS2019)

END.
